19-02-26 20:08:43,481 [main] Logfile closed: F:\Springws\NTSP610-Ext\TxMgmtProj9-Dtx-Atomikos\.\tmlog-1.log
19-02-26 20:08:44,262 [main] XAConnectionFactory: failed to create pooled connection - DBMS down or unreachable?
com.mysql.jdbc.exceptions.jdbc4.MySQLNonTransientConnectionException: Client does not support authentication protocol requested by server; consider upgrading MySQL client
	at sun.reflect.NativeConstructorAccessorImpl.newInstance0(Native Method)
	at sun.reflect.NativeConstructorAccessorImpl.newInstance(NativeConstructorAccessorImpl.java:62)
	at sun.reflect.DelegatingConstructorAccessorImpl.newInstance(DelegatingConstructorAccessorImpl.java:45)
	at java.lang.reflect.Constructor.newInstance(Constructor.java:408)
	at com.mysql.jdbc.Util.handleNewInstance(Util.java:406)
	at com.mysql.jdbc.Util.getInstance(Util.java:381)
	at com.mysql.jdbc.SQLError.createSQLException(SQLError.java:984)
	at com.mysql.jdbc.SQLError.createSQLException(SQLError.java:956)
	at com.mysql.jdbc.MysqlIO.checkErrorPacket(MysqlIO.java:3491)
	at com.mysql.jdbc.MysqlIO.checkErrorPacket(MysqlIO.java:3423)
	at com.mysql.jdbc.MysqlIO.checkErrorPacket(MysqlIO.java:910)
	at com.mysql.jdbc.MysqlIO.secureAuth411(MysqlIO.java:3923)
	at com.mysql.jdbc.MysqlIO.doHandshake(MysqlIO.java:1273)
	at com.mysql.jdbc.ConnectionImpl.createNewIO(ConnectionImpl.java:2031)
	at com.mysql.jdbc.ConnectionImpl.<init>(ConnectionImpl.java:718)
	at com.mysql.jdbc.JDBC4Connection.<init>(JDBC4Connection.java:46)
	at sun.reflect.NativeConstructorAccessorImpl.newInstance0(Native Method)
	at sun.reflect.NativeConstructorAccessorImpl.newInstance(NativeConstructorAccessorImpl.java:62)
	at sun.reflect.DelegatingConstructorAccessorImpl.newInstance(DelegatingConstructorAccessorImpl.java:45)
	at java.lang.reflect.Constructor.newInstance(Constructor.java:408)
	at com.mysql.jdbc.Util.handleNewInstance(Util.java:406)
	at com.mysql.jdbc.ConnectionImpl.getInstance(ConnectionImpl.java:302)
	at com.mysql.jdbc.NonRegisteringDriver.connect(NonRegisteringDriver.java:282)
	at com.mysql.jdbc.jdbc2.optional.MysqlDataSource.getConnection(MysqlDataSource.java:422)
	at com.mysql.jdbc.jdbc2.optional.MysqlDataSource.getConnection(MysqlDataSource.java:137)
	at com.mysql.jdbc.jdbc2.optional.MysqlDataSource.getConnection(MysqlDataSource.java:107)
	at com.mysql.jdbc.jdbc2.optional.MysqlXADataSource.getXAConnection(MysqlXADataSource.java:47)
	at com.atomikos.jdbc.AtomikosXAConnectionFactory.createPooledConnection(AtomikosXAConnectionFactory.java:60)
	at com.atomikos.datasource.pool.ConnectionPool.growPool(ConnectionPool.java:190)
	at com.atomikos.datasource.pool.ConnectionPool.borrowConnection(ConnectionPool.java:143)
	at com.atomikos.jdbc.AbstractDataSourceBean.getConnection(AbstractDataSourceBean.java:321)
	at com.atomikos.jdbc.AbstractDataSourceBean.getConnection(AbstractDataSourceBean.java:373)
	at org.springframework.jdbc.datasource.DataSourceUtils.fetchConnection(DataSourceUtils.java:151)
	at org.springframework.jdbc.datasource.DataSourceUtils.doGetConnection(DataSourceUtils.java:115)
	at org.springframework.jdbc.datasource.DataSourceUtils.getConnection(DataSourceUtils.java:78)
	at org.springframework.jdbc.core.JdbcTemplate.execute(JdbcTemplate.java:600)
	at org.springframework.jdbc.core.JdbcTemplate.update(JdbcTemplate.java:850)
	at org.springframework.jdbc.core.JdbcTemplate.update(JdbcTemplate.java:905)
	at org.springframework.jdbc.core.JdbcTemplate.update(JdbcTemplate.java:915)
	at com.nt.dao.DepositeDAOImpl.deposite(DepositeDAOImpl.java:19)
	at com.nt.service.BankServiceImpl.transferMoney(BankServiceImpl.java:23)
	at sun.reflect.NativeMethodAccessorImpl.invoke0(Native Method)
	at sun.reflect.NativeMethodAccessorImpl.invoke(NativeMethodAccessorImpl.java:62)
	at sun.reflect.DelegatingMethodAccessorImpl.invoke(DelegatingMethodAccessorImpl.java:43)
	at java.lang.reflect.Method.invoke(Method.java:483)
	at org.springframework.aop.support.AopUtils.invokeJoinpointUsingReflection(AopUtils.java:338)
	at org.springframework.aop.framework.ReflectiveMethodInvocation.invokeJoinpoint(ReflectiveMethodInvocation.java:197)
	at org.springframework.aop.framework.ReflectiveMethodInvocation.proceed(ReflectiveMethodInvocation.java:163)
	at org.springframework.transaction.interceptor.TransactionInterceptor$$Lambda$35/1531182070.proceedWithInvocation(Unknown Source)
	at org.springframework.transaction.interceptor.TransactionAspectSupport.invokeWithinTransaction(TransactionAspectSupport.java:294)
	at org.springframework.transaction.interceptor.TransactionInterceptor.invoke(TransactionInterceptor.java:98)
	at org.springframework.aop.framework.ReflectiveMethodInvocation.proceed(ReflectiveMethodInvocation.java:185)
	at org.springframework.aop.framework.JdkDynamicAopProxy.invoke(JdkDynamicAopProxy.java:212)
	at com.sun.proxy.$Proxy16.transferMoney(Unknown Source)
	at com.nt.test.DTxTest.main(DTxTest.java:20)
19-02-26 20:08:44,280 [main] Failed to grow the connection pool
com.atomikos.datasource.pool.CreateConnectionException: XAConnectionFactory: failed to create pooled connection - DBMS down or unreachable?
	at com.atomikos.jdbc.AtomikosXAConnectionFactory.createPooledConnection(AtomikosXAConnectionFactory.java:65)
	at com.atomikos.datasource.pool.ConnectionPool.growPool(ConnectionPool.java:190)
	at com.atomikos.datasource.pool.ConnectionPool.borrowConnection(ConnectionPool.java:143)
	at com.atomikos.jdbc.AbstractDataSourceBean.getConnection(AbstractDataSourceBean.java:321)
	at com.atomikos.jdbc.AbstractDataSourceBean.getConnection(AbstractDataSourceBean.java:373)
	at org.springframework.jdbc.datasource.DataSourceUtils.fetchConnection(DataSourceUtils.java:151)
	at org.springframework.jdbc.datasource.DataSourceUtils.doGetConnection(DataSourceUtils.java:115)
	at org.springframework.jdbc.datasource.DataSourceUtils.getConnection(DataSourceUtils.java:78)
	at org.springframework.jdbc.core.JdbcTemplate.execute(JdbcTemplate.java:600)
	at org.springframework.jdbc.core.JdbcTemplate.update(JdbcTemplate.java:850)
	at org.springframework.jdbc.core.JdbcTemplate.update(JdbcTemplate.java:905)
	at org.springframework.jdbc.core.JdbcTemplate.update(JdbcTemplate.java:915)
	at com.nt.dao.DepositeDAOImpl.deposite(DepositeDAOImpl.java:19)
	at com.nt.service.BankServiceImpl.transferMoney(BankServiceImpl.java:23)
	at sun.reflect.NativeMethodAccessorImpl.invoke0(Native Method)
	at sun.reflect.NativeMethodAccessorImpl.invoke(NativeMethodAccessorImpl.java:62)
	at sun.reflect.DelegatingMethodAccessorImpl.invoke(DelegatingMethodAccessorImpl.java:43)
	at java.lang.reflect.Method.invoke(Method.java:483)
	at org.springframework.aop.support.AopUtils.invokeJoinpointUsingReflection(AopUtils.java:338)
	at org.springframework.aop.framework.ReflectiveMethodInvocation.invokeJoinpoint(ReflectiveMethodInvocation.java:197)
	at org.springframework.aop.framework.ReflectiveMethodInvocation.proceed(ReflectiveMethodInvocation.java:163)
	at org.springframework.transaction.interceptor.TransactionInterceptor$$Lambda$35/1531182070.proceedWithInvocation(Unknown Source)
	at org.springframework.transaction.interceptor.TransactionAspectSupport.invokeWithinTransaction(TransactionAspectSupport.java:294)
	at org.springframework.transaction.interceptor.TransactionInterceptor.invoke(TransactionInterceptor.java:98)
	at org.springframework.aop.framework.ReflectiveMethodInvocation.proceed(ReflectiveMethodInvocation.java:185)
	at org.springframework.aop.framework.JdkDynamicAopProxy.invoke(JdkDynamicAopProxy.java:212)
	at com.sun.proxy.$Proxy16.transferMoney(Unknown Source)
	at com.nt.test.DTxTest.main(DTxTest.java:20)
Caused by: com.mysql.jdbc.exceptions.jdbc4.MySQLNonTransientConnectionException: Client does not support authentication protocol requested by server; consider upgrading MySQL client
	at sun.reflect.NativeConstructorAccessorImpl.newInstance0(Native Method)
	at sun.reflect.NativeConstructorAccessorImpl.newInstance(NativeConstructorAccessorImpl.java:62)
	at sun.reflect.DelegatingConstructorAccessorImpl.newInstance(DelegatingConstructorAccessorImpl.java:45)
	at java.lang.reflect.Constructor.newInstance(Constructor.java:408)
	at com.mysql.jdbc.Util.handleNewInstance(Util.java:406)
	at com.mysql.jdbc.Util.getInstance(Util.java:381)
	at com.mysql.jdbc.SQLError.createSQLException(SQLError.java:984)
	at com.mysql.jdbc.SQLError.createSQLException(SQLError.java:956)
	at com.mysql.jdbc.MysqlIO.checkErrorPacket(MysqlIO.java:3491)
	at com.mysql.jdbc.MysqlIO.checkErrorPacket(MysqlIO.java:3423)
	at com.mysql.jdbc.MysqlIO.checkErrorPacket(MysqlIO.java:910)
	at com.mysql.jdbc.MysqlIO.secureAuth411(MysqlIO.java:3923)
	at com.mysql.jdbc.MysqlIO.doHandshake(MysqlIO.java:1273)
	at com.mysql.jdbc.ConnectionImpl.createNewIO(ConnectionImpl.java:2031)
	at com.mysql.jdbc.ConnectionImpl.<init>(ConnectionImpl.java:718)
	at com.mysql.jdbc.JDBC4Connection.<init>(JDBC4Connection.java:46)
	at sun.reflect.NativeConstructorAccessorImpl.newInstance0(Native Method)
	at sun.reflect.NativeConstructorAccessorImpl.newInstance(NativeConstructorAccessorImpl.java:62)
	at sun.reflect.DelegatingConstructorAccessorImpl.newInstance(DelegatingConstructorAccessorImpl.java:45)
	at java.lang.reflect.Constructor.newInstance(Constructor.java:408)
	at com.mysql.jdbc.Util.handleNewInstance(Util.java:406)
	at com.mysql.jdbc.ConnectionImpl.getInstance(ConnectionImpl.java:302)
	at com.mysql.jdbc.NonRegisteringDriver.connect(NonRegisteringDriver.java:282)
	at com.mysql.jdbc.jdbc2.optional.MysqlDataSource.getConnection(MysqlDataSource.java:422)
	at com.mysql.jdbc.jdbc2.optional.MysqlDataSource.getConnection(MysqlDataSource.java:137)
	at com.mysql.jdbc.jdbc2.optional.MysqlDataSource.getConnection(MysqlDataSource.java:107)
	at com.mysql.jdbc.jdbc2.optional.MysqlXADataSource.getXAConnection(MysqlXADataSource.java:47)
	at com.atomikos.jdbc.AtomikosXAConnectionFactory.createPooledConnection(AtomikosXAConnectionFactory.java:60)
	... 27 more
19-02-26 20:08:44,374 [main] atomikos connection pool 'XAmysql': destroying pool...
19-02-26 20:08:44,374 [main] atomikos connection pool 'XAOra': destroying pool...
19-02-26 20:14:21,395 [main] Starting read of logfile F:\Springws\NTSP610-Ext\TxMgmtProj9-Dtx-Atomikos\.\tmlog0.log
19-02-26 20:14:21,405 [main] Done read of logfile
19-02-26 20:14:21,405 [main] Logfile closed: F:\Springws\NTSP610-Ext\TxMgmtProj9-Dtx-Atomikos\.\tmlog0.log
19-02-26 20:14:22,219 [main] atomikos connection pool 'XAmysql': destroying pool...
19-02-26 20:14:22,224 [main] atomikos connection pool 'XAOra': destroying pool...
19-02-26 20:15:06,254 [main] Starting read of logfile F:\Springws\NTSP610-Ext\TxMgmtProj9-Dtx-Atomikos\.\tmlog1.log
19-02-26 20:15:06,307 [main] Done read of logfile
19-02-26 20:15:06,307 [main] Logfile closed: F:\Springws\NTSP610-Ext\TxMgmtProj9-Dtx-Atomikos\.\tmlog1.log
19-02-26 20:15:06,926 [main] atomikos connection pool 'XAmysql': destroying pool...
19-02-26 20:15:06,930 [main] atomikos connection pool 'XAOra': destroying pool...
19-02-26 20:16:08,759 [main] Starting read of logfile F:\Springws\NTSP610-Ext\TxMgmtProj9-Dtx-Atomikos\.\tmlog2.log
19-02-26 20:16:08,760 [main] Done read of logfile
19-02-26 20:16:08,760 [main] Logfile closed: F:\Springws\NTSP610-Ext\TxMgmtProj9-Dtx-Atomikos\.\tmlog2.log
19-02-26 20:16:09,325 [main] atomikos connection pool 'XAmysql': destroying pool...
19-02-26 20:16:09,328 [main] atomikos connection pool 'XAOra': destroying pool...
