19-02-27 19:13:02,637 [main] Logfile closed: F:\Springws\NTSP610-Ext\TxMgmtBootProj10-DTx-Atomokis\.\tmlog-1.log
19-02-27 19:13:03,243 [main] AtomikosDataSoureBean 'xaOra': no testQuery set - the connection pool will not be able to validate the connections!
19-02-27 19:13:03,399 [main] Coordinator not recoverable: 192.168.0.2.tm0000100001
19-02-27 19:13:04,417 [main] AtomikosDataSoureBean 'xaMysql': no testQuery set - the connection pool will not be able to validate the connections!
19-02-27 19:13:04,527 [main] Coordinator not recoverable: 192.168.0.2.tm0000100001
19-02-27 19:13:07,110 [main] atomikos connection pool 'xaOra': destroying pool...
19-02-27 19:13:07,141 [main] atomikos connection pool 'xaMysql': destroying pool...
19-02-27 19:14:46,091 [main] Starting read of logfile F:\Springws\NTSP610-Ext\TxMgmtBootProj10-DTx-Atomokis\.\tmlog0.log
19-02-27 19:14:46,123 [main] Done read of logfile
19-02-27 19:14:46,123 [main] Logfile closed: F:\Springws\NTSP610-Ext\TxMgmtBootProj10-DTx-Atomokis\.\tmlog0.log
19-02-27 19:14:46,321 [main] AtomikosDataSoureBean 'xaOra': no testQuery set - the connection pool will not be able to validate the connections!
19-02-27 19:14:46,352 [main] Coordinator not recoverable: 192.168.0.2.tm0000100002
19-02-27 19:14:47,087 [main] AtomikosDataSoureBean 'xaMysql': no testQuery set - the connection pool will not be able to validate the connections!
19-02-27 19:14:47,118 [main] Coordinator not recoverable: 192.168.0.2.tm0000100002
19-02-27 19:14:47,579 [main] atomikos connection pool 'xaOra': destroying pool...
19-02-27 19:14:47,590 [main] atomikos connection pool 'xaMysql': destroying pool...
19-02-27 19:15:20,889 [main] Starting read of logfile F:\Springws\NTSP610-Ext\TxMgmtBootProj10-DTx-Atomokis\.\tmlog1.log
19-02-27 19:15:20,889 [main] Done read of logfile
19-02-27 19:15:20,889 [main] Logfile closed: F:\Springws\NTSP610-Ext\TxMgmtBootProj10-DTx-Atomokis\.\tmlog1.log
19-02-27 19:15:21,062 [main] AtomikosDataSoureBean 'xaOra': no testQuery set - the connection pool will not be able to validate the connections!
19-02-27 19:15:21,124 [main] Coordinator not recoverable: 192.168.0.2.tm0000100003
19-02-27 19:15:21,859 [main] AtomikosDataSoureBean 'xaMysql': no testQuery set - the connection pool will not be able to validate the connections!
19-02-27 19:15:21,890 [main] Coordinator not recoverable: 192.168.0.2.tm0000100003
19-02-27 19:15:22,298 [main] atomikos connection pool 'xaOra': destroying pool...
19-02-27 19:15:22,298 [main] atomikos connection pool 'xaMysql': destroying pool...
